0 info it worked if it ends with ok
1 verbose cli [ '/usr/local/bin/node',
1 verbose cli   '/usr/local/bin/npm',
1 verbose cli   'i',
1 verbose cli   '--save',
1 verbose cli   'gulp-sass',
1 verbose cli   'gulp-sourcemaps',
1 verbose cli   'gulp-cachebuster',
1 verbose cli   'gulp-concat',
1 verbose cli   'gulp-print',
1 verbose cli   'gulp-babel' ]
2 info using npm@3.10.10
3 info using node@v6.10.1
4 verbose config Skipping project config: /Users/user/.npmrc. (matches userconfig)
5 silly loadCurrentTree Starting
6 silly install loadCurrentTree
7 silly install readLocalPackageData
8 silly fetchPackageMetaData gulp-sass
9 silly fetchPackageMetaData gulp-sourcemaps
10 silly fetchPackageMetaData gulp-cachebuster
11 silly fetchPackageMetaData gulp-concat
12 silly fetchPackageMetaData gulp-print
13 silly fetchPackageMetaData gulp-babel
14 silly fetchNamedPackageData gulp-sass
15 silly mapToRegistry name gulp-sass
16 silly mapToRegistry using default registry
17 silly mapToRegistry registry https://registry.npmjs.org/
18 silly mapToRegistry data Result {
18 silly mapToRegistry   raw: 'gulp-sass',
18 silly mapToRegistry   scope: null,
18 silly mapToRegistry   escapedName: 'gulp-sass',
18 silly mapToRegistry   name: 'gulp-sass',
18 silly mapToRegistry   rawSpec: '',
18 silly mapToRegistry   spec: 'latest',
18 silly mapToRegistry   type: 'tag' }
19 silly mapToRegistry uri https://registry.npmjs.org/gulp-sass
20 silly fetchNamedPackageData gulp-sourcemaps
21 silly mapToRegistry name gulp-sourcemaps
22 silly mapToRegistry using default registry
23 silly mapToRegistry registry https://registry.npmjs.org/
24 silly mapToRegistry data Result {
24 silly mapToRegistry   raw: 'gulp-sourcemaps',
24 silly mapToRegistry   scope: null,
24 silly mapToRegistry   escapedName: 'gulp-sourcemaps',
24 silly mapToRegistry   name: 'gulp-sourcemaps',
24 silly mapToRegistry   rawSpec: '',
24 silly mapToRegistry   spec: 'latest',
24 silly mapToRegistry   type: 'tag' }
25 silly mapToRegistry uri https://registry.npmjs.org/gulp-sourcemaps
26 silly fetchNamedPackageData gulp-cachebuster
27 silly mapToRegistry name gulp-cachebuster
28 silly mapToRegistry using default registry
29 silly mapToRegistry registry https://registry.npmjs.org/
30 silly mapToRegistry data Result {
30 silly mapToRegistry   raw: 'gulp-cachebuster',
30 silly mapToRegistry   scope: null,
30 silly mapToRegistry   escapedName: 'gulp-cachebuster',
30 silly mapToRegistry   name: 'gulp-cachebuster',
30 silly mapToRegistry   rawSpec: '',
30 silly mapToRegistry   spec: 'latest',
30 silly mapToRegistry   type: 'tag' }
31 silly mapToRegistry uri https://registry.npmjs.org/gulp-cachebuster
32 silly fetchNamedPackageData gulp-concat
33 silly mapToRegistry name gulp-concat
34 silly mapToRegistry using default registry
35 silly mapToRegistry registry https://registry.npmjs.org/
36 silly mapToRegistry data Result {
36 silly mapToRegistry   raw: 'gulp-concat',
36 silly mapToRegistry   scope: null,
36 silly mapToRegistry   escapedName: 'gulp-concat',
36 silly mapToRegistry   name: 'gulp-concat',
36 silly mapToRegistry   rawSpec: '',
36 silly mapToRegistry   spec: 'latest',
36 silly mapToRegistry   type: 'tag' }
37 silly mapToRegistry uri https://registry.npmjs.org/gulp-concat
38 silly fetchNamedPackageData gulp-print
39 silly mapToRegistry name gulp-print
40 silly mapToRegistry using default registry
41 silly mapToRegistry registry https://registry.npmjs.org/
42 silly mapToRegistry data Result {
42 silly mapToRegistry   raw: 'gulp-print',
42 silly mapToRegistry   scope: null,
42 silly mapToRegistry   escapedName: 'gulp-print',
42 silly mapToRegistry   name: 'gulp-print',
42 silly mapToRegistry   rawSpec: '',
42 silly mapToRegistry   spec: 'latest',
42 silly mapToRegistry   type: 'tag' }
43 silly mapToRegistry uri https://registry.npmjs.org/gulp-print
44 silly fetchNamedPackageData gulp-babel
45 silly mapToRegistry name gulp-babel
46 silly mapToRegistry using default registry
47 silly mapToRegistry registry https://registry.npmjs.org/
48 silly mapToRegistry data Result {
48 silly mapToRegistry   raw: 'gulp-babel',
48 silly mapToRegistry   scope: null,
48 silly mapToRegistry   escapedName: 'gulp-babel',
48 silly mapToRegistry   name: 'gulp-babel',
48 silly mapToRegistry   rawSpec: '',
48 silly mapToRegistry   spec: 'latest',
48 silly mapToRegistry   type: 'tag' }
49 silly mapToRegistry uri https://registry.npmjs.org/gulp-babel
50 verbose request uri https://registry.npmjs.org/gulp-cachebuster
51 verbose request no auth needed
52 info attempt registry request try #1 at 11:32:59 AM
53 verbose request id d117d6e3ce38811c
54 http request GET https://registry.npmjs.org/gulp-cachebuster
55 verbose request uri https://registry.npmjs.org/gulp-sass
56 verbose request no auth needed
57 info attempt registry request try #1 at 11:33:00 AM
58 verbose etag W/"58e531fc-e75e"
59 verbose lastModified Wed, 05 Apr 2017 18:05:48 GMT
60 http request GET https://registry.npmjs.org/gulp-sass
61 verbose request uri https://registry.npmjs.org/gulp-babel
62 verbose request no auth needed
63 info attempt registry request try #1 at 11:33:00 AM
64 verbose etag W/"58e51352-5700"
65 verbose lastModified Wed, 05 Apr 2017 15:54:58 GMT
66 http request GET https://registry.npmjs.org/gulp-babel
67 verbose request uri https://registry.npmjs.org/gulp-print
68 verbose request no auth needed
69 info attempt registry request try #1 at 11:33:00 AM
70 verbose etag W/"5877e7f8-3e26"
71 verbose lastModified Thu, 12 Jan 2017 20:32:56 GMT
72 http request GET https://registry.npmjs.org/gulp-print
73 verbose request uri https://registry.npmjs.org/gulp-sourcemaps
74 verbose request no auth needed
75 info attempt registry request try #1 at 11:33:00 AM
76 verbose etag W/"58e447f1-1c9e6"
77 verbose lastModified Wed, 05 Apr 2017 01:27:13 GMT
78 http request GET https://registry.npmjs.org/gulp-sourcemaps
79 verbose request uri https://registry.npmjs.org/gulp-concat
80 verbose request no auth needed
81 info attempt registry request try #1 at 11:33:00 AM
82 verbose etag W/"58e44630-a317"
83 verbose lastModified Wed, 05 Apr 2017 01:19:44 GMT
84 http request GET https://registry.npmjs.org/gulp-concat
85 http 304 https://registry.npmjs.org/gulp-print
86 verbose headers { date: 'Wed, 26 Apr 2017 17:33:00 GMT',
86 verbose headers   via: '1.1 varnish',
86 verbose headers   'cache-control': 'max-age=300',
86 verbose headers   etag: 'W/"5877e7f8-3e26"',
86 verbose headers   age: '125',
86 verbose headers   connection: 'keep-alive',
86 verbose headers   'x-served-by': 'cache-msp9220-MSP',
86 verbose headers   'x-cache': 'HIT',
86 verbose headers   'x-cache-hits': '2',
86 verbose headers   'x-timer': 'S1493227980.359713,VS0,VE0',
86 verbose headers   vary: 'Accept-Encoding' }
87 silly get cb [ 304,
87 silly get   { date: 'Wed, 26 Apr 2017 17:33:00 GMT',
87 silly get     via: '1.1 varnish',
87 silly get     'cache-control': 'max-age=300',
87 silly get     etag: 'W/"5877e7f8-3e26"',
87 silly get     age: '125',
87 silly get     connection: 'keep-alive',
87 silly get     'x-served-by': 'cache-msp9220-MSP',
87 silly get     'x-cache': 'HIT',
87 silly get     'x-cache-hits': '2',
87 silly get     'x-timer': 'S1493227980.359713,VS0,VE0',
87 silly get     vary: 'Accept-Encoding' } ]
88 verbose etag https://registry.npmjs.org/gulp-print from cache
89 verbose get saving gulp-print to /Users/user/.npm/registry.npmjs.org/gulp-print/.cache.json
90 verbose correctMkdir /Users/user/.npm correctMkdir not in flight; initializing
91 http 200 https://registry.npmjs.org/gulp-concat
92 verbose headers { server: 'nginx/1.10.1',
92 verbose headers   'content-type': 'application/json',
92 verbose headers   'last-modified': 'Mon, 24 Apr 2017 21:35:44 GMT',
92 verbose headers   etag: 'W/"58fe6fb0-a339"',
92 verbose headers   'content-encoding': 'gzip',
92 verbose headers   'cache-control': 'max-age=300',
92 verbose headers   'content-length': '7043',
92 verbose headers   'accept-ranges': 'bytes',
92 verbose headers   date: 'Wed, 26 Apr 2017 17:33:00 GMT',
92 verbose headers   via: '1.1 varnish',
92 verbose headers   age: '143',
92 verbose headers   connection: 'keep-alive',
92 verbose headers   'x-served-by': 'cache-msp9226-MSP',
92 verbose headers   'x-cache': 'HIT',
92 verbose headers   'x-cache-hits': '2',
92 verbose headers   'x-timer': 'S1493227980.373975,VS0,VE0',
92 verbose headers   vary: 'Accept-Encoding' }
93 silly get cb [ 200,
93 silly get   { server: 'nginx/1.10.1',
93 silly get     'content-type': 'application/json',
93 silly get     'last-modified': 'Mon, 24 Apr 2017 21:35:44 GMT',
93 silly get     etag: 'W/"58fe6fb0-a339"',
93 silly get     'content-encoding': 'gzip',
93 silly get     'cache-control': 'max-age=300',
93 silly get     'content-length': '7043',
93 silly get     'accept-ranges': 'bytes',
93 silly get     date: 'Wed, 26 Apr 2017 17:33:00 GMT',
93 silly get     via: '1.1 varnish',
93 silly get     age: '143',
93 silly get     connection: 'keep-alive',
93 silly get     'x-served-by': 'cache-msp9226-MSP',
93 silly get     'x-cache': 'HIT',
93 silly get     'x-cache-hits': '2',
93 silly get     'x-timer': 'S1493227980.373975,VS0,VE0',
93 silly get     vary: 'Accept-Encoding' } ]
94 verbose get saving gulp-concat to /Users/user/.npm/registry.npmjs.org/gulp-concat/.cache.json
95 verbose correctMkdir /Users/user/.npm correctMkdir not in flight; initializing
96 http 200 https://registry.npmjs.org/gulp-sass
97 verbose headers { server: 'nginx/1.10.1',
97 verbose headers   'content-type': 'application/json',
97 verbose headers   'last-modified': 'Fri, 21 Apr 2017 06:37:37 GMT',
97 verbose headers   etag: 'W/"58f9a8b1-e7c0"',
97 verbose headers   'content-encoding': 'gzip',
97 verbose headers   'cache-control': 'max-age=300',
97 verbose headers   'content-length': '9608',
97 verbose headers   'accept-ranges': 'bytes',
97 verbose headers   date: 'Wed, 26 Apr 2017 17:33:00 GMT',
97 verbose headers   via: '1.1 varnish',
97 verbose headers   age: '239',
97 verbose headers   connection: 'keep-alive',
97 verbose headers   'x-served-by': 'cache-msp9224-MSP',
97 verbose headers   'x-cache': 'HIT',
97 verbose headers   'x-cache-hits': '2',
97 verbose headers   'x-timer': 'S1493227980.366322,VS0,VE0',
97 verbose headers   vary: 'Accept-Encoding' }
98 silly get cb [ 200,
98 silly get   { server: 'nginx/1.10.1',
98 silly get     'content-type': 'application/json',
98 silly get     'last-modified': 'Fri, 21 Apr 2017 06:37:37 GMT',
98 silly get     etag: 'W/"58f9a8b1-e7c0"',
98 silly get     'content-encoding': 'gzip',
98 silly get     'cache-control': 'max-age=300',
98 silly get     'content-length': '9608',
98 silly get     'accept-ranges': 'bytes',
98 silly get     date: 'Wed, 26 Apr 2017 17:33:00 GMT',
98 silly get     via: '1.1 varnish',
98 silly get     age: '239',
98 silly get     connection: 'keep-alive',
98 silly get     'x-served-by': 'cache-msp9224-MSP',
98 silly get     'x-cache': 'HIT',
98 silly get     'x-cache-hits': '2',
98 silly get     'x-timer': 'S1493227980.366322,VS0,VE0',
98 silly get     vary: 'Accept-Encoding' } ]
99 verbose get saving gulp-sass to /Users/user/.npm/registry.npmjs.org/gulp-sass/.cache.json
100 verbose correctMkdir /Users/user/.npm correctMkdir not in flight; initializing
101 http 200 https://registry.npmjs.org/gulp-babel
102 verbose headers { server: 'nginx/1.10.1',
102 verbose headers   'content-type': 'application/json',
102 verbose headers   'last-modified': 'Tue, 25 Apr 2017 07:09:12 GMT',
102 verbose headers   etag: 'W/"58fef618-5740"',
102 verbose headers   'content-encoding': 'gzip',
102 verbose headers   'cache-control': 'max-age=300',
102 verbose headers   'content-length': '4037',
102 verbose headers   'accept-ranges': 'bytes',
102 verbose headers   date: 'Wed, 26 Apr 2017 17:33:00 GMT',
102 verbose headers   via: '1.1 varnish',
102 verbose headers   age: '0',
102 verbose headers   connection: 'keep-alive',
102 verbose headers   'x-served-by': 'cache-msp9227-MSP',
102 verbose headers   'x-cache': 'HIT',
102 verbose headers   'x-cache-hits': '1',
102 verbose headers   'x-timer': 'S1493227980.360634,VS0,VE31',
102 verbose headers   vary: 'Accept-Encoding' }
103 silly get cb [ 200,
103 silly get   { server: 'nginx/1.10.1',
103 silly get     'content-type': 'application/json',
103 silly get     'last-modified': 'Tue, 25 Apr 2017 07:09:12 GMT',
103 silly get     etag: 'W/"58fef618-5740"',
103 silly get     'content-encoding': 'gzip',
103 silly get     'cache-control': 'max-age=300',
103 silly get     'content-length': '4037',
103 silly get     'accept-ranges': 'bytes',
103 silly get     date: 'Wed, 26 Apr 2017 17:33:00 GMT',
103 silly get     via: '1.1 varnish',
103 silly get     age: '0',
103 silly get     connection: 'keep-alive',
103 silly get     'x-served-by': 'cache-msp9227-MSP',
103 silly get     'x-cache': 'HIT',
103 silly get     'x-cache-hits': '1',
103 silly get     'x-timer': 'S1493227980.360634,VS0,VE31',
103 silly get     vary: 'Accept-Encoding' } ]
104 verbose get saving gulp-babel to /Users/user/.npm/registry.npmjs.org/gulp-babel/.cache.json
105 verbose correctMkdir /Users/user/.npm correctMkdir not in flight; initializing
106 http 200 https://registry.npmjs.org/gulp-sourcemaps
107 verbose headers { server: 'nginx/1.10.1',
107 verbose headers   'content-type': 'application/json',
107 verbose headers   'last-modified': 'Tue, 25 Apr 2017 07:33:39 GMT',
107 verbose headers   etag: 'W/"58fefbd3-1dea2"',
107 verbose headers   'content-encoding': 'gzip',
107 verbose headers   'cache-control': 'max-age=300',
107 verbose headers   'content-length': '13630',
107 verbose headers   'accept-ranges': 'bytes',
107 verbose headers   date: 'Wed, 26 Apr 2017 17:33:00 GMT',
107 verbose headers   via: '1.1 varnish',
107 verbose headers   age: '208',
107 verbose headers   connection: 'keep-alive',
107 verbose headers   'x-served-by': 'cache-msp9221-MSP',
107 verbose headers   'x-cache': 'HIT',
107 verbose headers   'x-cache-hits': '1',
107 verbose headers   'x-timer': 'S1493227980.364878,VS0,VE1',
107 verbose headers   vary: 'Accept-Encoding' }
108 silly get cb [ 200,
108 silly get   { server: 'nginx/1.10.1',
108 silly get     'content-type': 'application/json',
108 silly get     'last-modified': 'Tue, 25 Apr 2017 07:33:39 GMT',
108 silly get     etag: 'W/"58fefbd3-1dea2"',
108 silly get     'content-encoding': 'gzip',
108 silly get     'cache-control': 'max-age=300',
108 silly get     'content-length': '13630',
108 silly get     'accept-ranges': 'bytes',
108 silly get     date: 'Wed, 26 Apr 2017 17:33:00 GMT',
108 silly get     via: '1.1 varnish',
108 silly get     age: '208',
108 silly get     connection: 'keep-alive',
108 silly get     'x-served-by': 'cache-msp9221-MSP',
108 silly get     'x-cache': 'HIT',
108 silly get     'x-cache-hits': '1',
108 silly get     'x-timer': 'S1493227980.364878,VS0,VE1',
108 silly get     vary: 'Accept-Encoding' } ]
109 verbose get saving gulp-sourcemaps to /Users/user/.npm/registry.npmjs.org/gulp-sourcemaps/.cache.json
110 verbose correctMkdir /Users/user/.npm correctMkdir not in flight; initializing
111 http 404 https://registry.npmjs.org/gulp-cachebuster
112 verbose headers { 'content-type': 'application/json',
112 verbose headers   'cache-control': 'max-age=0',
112 verbose headers   'content-length': '2',
112 verbose headers   'accept-ranges': 'bytes',
112 verbose headers   date: 'Wed, 26 Apr 2017 17:33:00 GMT',
112 verbose headers   via: '1.1 varnish',
112 verbose headers   age: '0',
112 verbose headers   connection: 'keep-alive',
112 verbose headers   'x-served-by': 'cache-msp9226-MSP',
112 verbose headers   'x-cache': 'MISS',
112 verbose headers   'x-cache-hits': '0',
112 verbose headers   'x-timer': 'S1493227980.370731,VS0,VE373',
112 verbose headers   vary: 'Accept-Encoding' }
113 silly get cb [ 404,
113 silly get   { 'content-type': 'application/json',
113 silly get     'cache-control': 'max-age=0',
113 silly get     'content-length': '2',
113 silly get     'accept-ranges': 'bytes',
113 silly get     date: 'Wed, 26 Apr 2017 17:33:00 GMT',
113 silly get     via: '1.1 varnish',
113 silly get     age: '0',
113 silly get     connection: 'keep-alive',
113 silly get     'x-served-by': 'cache-msp9226-MSP',
113 silly get     'x-cache': 'MISS',
113 silly get     'x-cache-hits': '0',
113 silly get     'x-timer': 'S1493227980.370731,VS0,VE373',
113 silly get     vary: 'Accept-Encoding' } ]
114 silly fetchPackageMetaData Error: Registry returned 404 for GET on https://registry.npmjs.org/gulp-cachebuster
114 silly fetchPackageMetaData     at makeError (/usr/local/lib/node_modules/npm/node_modules/npm-registry-client/lib/request.js:302:12)
114 silly fetchPackageMetaData     at CachingRegistryClient.<anonymous> (/usr/local/lib/node_modules/npm/node_modules/npm-registry-client/lib/request.js:280:14)
114 silly fetchPackageMetaData     at Request._callback (/usr/local/lib/node_modules/npm/node_modules/npm-registry-client/lib/request.js:210:14)
114 silly fetchPackageMetaData     at Request.self.callback (/usr/local/lib/node_modules/npm/node_modules/request/request.js:187:22)
114 silly fetchPackageMetaData     at emitTwo (events.js:106:13)
114 silly fetchPackageMetaData     at Request.emit (events.js:191:7)
114 silly fetchPackageMetaData     at Request.<anonymous> (/usr/local/lib/node_modules/npm/node_modules/request/request.js:1048:10)
114 silly fetchPackageMetaData     at emitOne (events.js:96:13)
114 silly fetchPackageMetaData     at Request.emit (events.js:188:7)
114 silly fetchPackageMetaData     at IncomingMessage.<anonymous> (/usr/local/lib/node_modules/npm/node_modules/request/request.js:969:12)
114 silly fetchPackageMetaData  error for gulp-cachebuster { Error: Registry returned 404 for GET on https://registry.npmjs.org/gulp-cachebuster
114 silly fetchPackageMetaData     at makeError (/usr/local/lib/node_modules/npm/node_modules/npm-registry-client/lib/request.js:302:12)
114 silly fetchPackageMetaData     at CachingRegistryClient.<anonymous> (/usr/local/lib/node_modules/npm/node_modules/npm-registry-client/lib/request.js:280:14)
114 silly fetchPackageMetaData     at Request._callback (/usr/local/lib/node_modules/npm/node_modules/npm-registry-client/lib/request.js:210:14)
114 silly fetchPackageMetaData     at Request.self.callback (/usr/local/lib/node_modules/npm/node_modules/request/request.js:187:22)
114 silly fetchPackageMetaData     at emitTwo (events.js:106:13)
114 silly fetchPackageMetaData     at Request.emit (events.js:191:7)
114 silly fetchPackageMetaData     at Request.<anonymous> (/usr/local/lib/node_modules/npm/node_modules/request/request.js:1048:10)
114 silly fetchPackageMetaData     at emitOne (events.js:96:13)
114 silly fetchPackageMetaData     at Request.emit (events.js:188:7)
114 silly fetchPackageMetaData     at IncomingMessage.<anonymous> (/usr/local/lib/node_modules/npm/node_modules/request/request.js:969:12) pkgid: 'gulp-cachebuster', statusCode: 404, code: 'E404' }
115 silly rollbackFailedOptional Starting
116 silly rollbackFailedOptional Finishing
117 silly runTopLevelLifecycles Finishing
118 silly install printInstalled
119 verbose stack Error: Registry returned 404 for GET on https://registry.npmjs.org/gulp-cachebuster
119 verbose stack     at makeError (/usr/local/lib/node_modules/npm/node_modules/npm-registry-client/lib/request.js:302:12)
119 verbose stack     at CachingRegistryClient.<anonymous> (/usr/local/lib/node_modules/npm/node_modules/npm-registry-client/lib/request.js:280:14)
119 verbose stack     at Request._callback (/usr/local/lib/node_modules/npm/node_modules/npm-registry-client/lib/request.js:210:14)
119 verbose stack     at Request.self.callback (/usr/local/lib/node_modules/npm/node_modules/request/request.js:187:22)
119 verbose stack     at emitTwo (events.js:106:13)
119 verbose stack     at Request.emit (events.js:191:7)
119 verbose stack     at Request.<anonymous> (/usr/local/lib/node_modules/npm/node_modules/request/request.js:1048:10)
119 verbose stack     at emitOne (events.js:96:13)
119 verbose stack     at Request.emit (events.js:188:7)
119 verbose stack     at IncomingMessage.<anonymous> (/usr/local/lib/node_modules/npm/node_modules/request/request.js:969:12)
120 verbose statusCode 404
121 verbose pkgid gulp-cachebuster
122 verbose cwd /Users/user/Desktop/personal-project
123 error Darwin 15.6.0
124 error argv "/usr/local/bin/node" "/usr/local/bin/npm" "i" "--save" "gulp-sass" "gulp-sourcemaps" "gulp-cachebuster" "gulp-concat" "gulp-print" "gulp-babel"
125 error node v6.10.1
126 error npm  v3.10.10
127 error code E404
128 error 404 Registry returned 404 for GET on https://registry.npmjs.org/gulp-cachebuster
129 error 404
130 error 404 'gulp-cachebuster' is not in the npm registry.
131 error 404 You should bug the author to publish it (or use the name yourself!)
132 error 404 Note that you can also install from a
133 error 404 tarball, folder, http url, or git url.
134 verbose exit [ 1, true ]
